STATE_PATH: C:\Users\iidogpon\Documents\GitHub\eurusd-swing-bias-bot\ff_storage.json
STATE_SUMMARY:
{
  "cookies_count": 19,
  "origins_count": 1,
  "cookie_domains_sample": [
    ".doubleclick.net",
    ".forexfactory.com",
    ".www.forexfactory.com",
    "www.forexfactory.com"
  ],
  "origins_sample": [
    "https://www.forexfactory.com"
  ]
}
[PRE-GOTO] context.cookies() count = 17
[PRE-GOTO] cookie domains sample = ['.doubleclick.net', '.forexfactory.com', '.www.forexfactory.com', 'www.forexfactory.com']
[PRE-GOTO] first cookies sample:
[
  {
    "name": "fflastvisit",
    "value": "17693360...(masked)",
    "domain": ".www.forexfactory.com",
    "path": "/",
    "expires": 1800872093.28014,
    "httpOnly": false,
    "secure": true,
    "sameSite": "Lax"
  },
  {
    "name": "fflastactivity",
    "value": "0...(masked)",
    "domain": ".www.forexfactory.com",
    "path": "/",
    "expires": 1800872093.280281,
    "httpOnly": false,
    "secure": true,
    "sameSite": "Lax"
  },
  {
    "name": "ffsettingshash",
    "value": "2c054c77...(masked)",
    "domain": ".www.forexfactory.com",
    "path": "/",
    "expires": 1800872093.280344,
    "httpOnly": true,
    "secure": false,
    "sameSite": "Lax"
  }
]
goto: https://www.forexfactory.com/calendar
page.title(): Calendar | Forex Factory
page.url: https://www.forexfactory.com/calendar
[POST-GOTO] context.cookies() count = 19
[POST-GOTO] cookie domains sample = ['.doubleclick.net', '.forexfactory.com', '.www.forexfactory.com', 'www.forexfactory.com']
saved screenshot: verify_state_debug.png
log file: C:\Users\iidogpon\Documents\GitHub\eurusd-swing-bias-bot\verify_state.log
